<?xml version="1.0" encoding="UTF-8" ?>
<testsuite errors="0" failures="0" hostname="icerya-be.nexus.csiro.au" name="au.org.ala.specieslist.SpeciesListTests" tests="1" time="1.937" timestamp="2012-08-02T04:44:12">
  <properties />
  <testcase classname="au.org.ala.specieslist.SpeciesListTests" name="testCreate" time="1.858" />
  <system-out><![CDATA[]]></system-out>
  <system-err><![CDATA[--Output from testCreate--
]]></system-err>
</testsuite>
